\BOOKMARK [0][-]{chapter.1}{\376\377\0001\000\040\000l\000i\000b\000-\000a\000r\000d\000u\000i\000n\000o}{}% 1
\BOOKMARK [0][-]{chapter.2}{\376\377\0002\000\040\000D\000a\000t\000a\000\040\000S\000t\000r\000u\000c\000t\000u\000r\000e\000\040\000I\000n\000d\000e\000x}{}% 2
\BOOKMARK [1][-]{section.2.1}{\376\377\0002\000.\0001\000\040\000D\000a\000t\000a\000\040\000S\000t\000r\000u\000c\000t\000u\000r\000e\000s}{chapter.2}% 3
\BOOKMARK [0][-]{chapter.3}{\376\377\0003\000\040\000F\000i\000l\000e\000\040\000I\000n\000d\000e\000x}{}% 4
\BOOKMARK [1][-]{section.3.1}{\376\377\0003\000.\0001\000\040\000F\000i\000l\000e\000\040\000L\000i\000s\000t}{chapter.3}% 5
\BOOKMARK [0][-]{chapter.4}{\376\377\0004\000\040\000D\000a\000t\000a\000\040\000S\000t\000r\000u\000c\000t\000u\000r\000e\000\040\000D\000o\000c\000u\000m\000e\000n\000t\000a\000t\000i\000o\000n}{}% 6
\BOOKMARK [1][-]{section.4.1}{\376\377\0004\000.\0001\000\040\000B\000C\000D\000\040\000S\000t\000r\000u\000c\000t\000\040\000R\000e\000f\000e\000r\000e\000n\000c\000e}{chapter.4}% 7
\BOOKMARK [2][-]{subsection.4.1.1}{\376\377\0004\000.\0001\000.\0001\000\040\000D\000e\000t\000a\000i\000l\000e\000d\000\040\000D\000e\000s\000c\000r\000i\000p\000t\000i\000o\000n}{section.4.1}% 8
\BOOKMARK [2][-]{subsection.4.1.2}{\376\377\0004\000.\0001\000.\0002\000\040\000F\000i\000e\000l\000d\000\040\000D\000o\000c\000u\000m\000e\000n\000t\000a\000t\000i\000o\000n}{section.4.1}% 9
\BOOKMARK [3][-]{subsubsection.4.1.2.1}{\376\377\0004\000.\0001\000.\0002\000.\0001\000\040\000a}{subsection.4.1.2}% 10
\BOOKMARK [3][-]{subsubsection.4.1.2.2}{\376\377\0004\000.\0001\000.\0002\000.\0002\000\040\000b}{subsection.4.1.2}% 11
\BOOKMARK [3][-]{subsubsection.4.1.2.3}{\376\377\0004\000.\0001\000.\0002\000.\0003\000\040\000c}{subsection.4.1.2}% 12
\BOOKMARK [3][-]{subsubsection.4.1.2.4}{\376\377\0004\000.\0001\000.\0002\000.\0004\000\040\000d}{subsection.4.1.2}% 13
\BOOKMARK [3][-]{subsubsection.4.1.2.5}{\376\377\0004\000.\0001\000.\0002\000.\0005\000\040\000d\000e\000l\000a\000y}{subsection.4.1.2}% 14
\BOOKMARK [3][-]{subsubsection.4.1.2.6}{\376\377\0004\000.\0001\000.\0002\000.\0006\000\040\000d\000p}{subsection.4.1.2}% 15
\BOOKMARK [3][-]{subsubsection.4.1.2.7}{\376\377\0004\000.\0001\000.\0002\000.\0007\000\040\000e}{subsection.4.1.2}% 16
\BOOKMARK [3][-]{subsubsection.4.1.2.8}{\376\377\0004\000.\0001\000.\0002\000.\0008\000\040\000f}{subsection.4.1.2}% 17
\BOOKMARK [3][-]{subsubsection.4.1.2.9}{\376\377\0004\000.\0001\000.\0002\000.\0009\000\040\000g}{subsection.4.1.2}% 18
\BOOKMARK [3][-]{subsubsection.4.1.2.10}{\376\377\0004\000.\0001\000.\0002\000.\0001\0000\000\040\000l\000o\000o\000p}{subsection.4.1.2}% 19
\BOOKMARK [1][-]{section.4.2}{\376\377\0004\000.\0002\000\040\000B\000u\000t\000t\000o\000n\000\040\000S\000t\000r\000u\000c\000t\000\040\000R\000e\000f\000e\000r\000e\000n\000c\000e}{chapter.4}% 20
\BOOKMARK [2][-]{subsection.4.2.1}{\376\377\0004\000.\0002\000.\0001\000\040\000D\000e\000t\000a\000i\000l\000e\000d\000\040\000D\000e\000s\000c\000r\000i\000p\000t\000i\000o\000n}{section.4.2}% 21
\BOOKMARK [2][-]{subsection.4.2.2}{\376\377\0004\000.\0002\000.\0002\000\040\000F\000i\000e\000l\000d\000\040\000D\000o\000c\000u\000m\000e\000n\000t\000a\000t\000i\000o\000n}{section.4.2}% 22
\BOOKMARK [3][-]{subsubsection.4.2.2.1}{\376\377\0004\000.\0002\000.\0002\000.\0001\000\040\000f\000n}{subsection.4.2.2}% 23
\BOOKMARK [3][-]{subsubsection.4.2.2.2}{\376\377\0004\000.\0002\000.\0002\000.\0002\000\040\000m\000o\000d\000e}{subsection.4.2.2}% 24
\BOOKMARK [3][-]{subsubsection.4.2.2.3}{\376\377\0004\000.\0002\000.\0002\000.\0003\000\040\000p\000i\000n\000\137\000n\000u\000m\000b\000e\000r}{subsection.4.2.2}% 25
\BOOKMARK [1][-]{section.4.3}{\376\377\0004\000.\0003\000\040\000b\000y\000t\000e\000s\000\040\000S\000t\000r\000u\000c\000t\000\040\000R\000e\000f\000e\000r\000e\000n\000c\000e}{chapter.4}% 26
\BOOKMARK [2][-]{subsection.4.3.1}{\376\377\0004\000.\0003\000.\0001\000\040\000F\000i\000e\000l\000d\000\040\000D\000o\000c\000u\000m\000e\000n\000t\000a\000t\000i\000o\000n}{section.4.3}% 27
\BOOKMARK [3][-]{subsubsection.4.3.1.1}{\376\377\0004\000.\0003\000.\0001\000.\0001\000\040\000C\000O\000M\0000}{subsection.4.3.1}% 28
\BOOKMARK [3][-]{subsubsection.4.3.1.2}{\376\377\0004\000.\0003\000.\0001\000.\0002\000\040\000C\000O\000M\0001}{subsection.4.3.1}% 29
\BOOKMARK [3][-]{subsubsection.4.3.1.3}{\376\377\0004\000.\0003\000.\0001\000.\0003\000\040\000C\000S\0000}{subsection.4.3.1}% 30
\BOOKMARK [3][-]{subsubsection.4.3.1.4}{\376\377\0004\000.\0003\000.\0001\000.\0004\000\040\000C\000S\0001}{subsection.4.3.1}% 31
\BOOKMARK [3][-]{subsubsection.4.3.1.5}{\376\377\0004\000.\0003\000.\0001\000.\0005\000\040\000C\000S\0002}{subsection.4.3.1}% 32
\BOOKMARK [3][-]{subsubsection.4.3.1.6}{\376\377\0004\000.\0003\000.\0001\000.\0006\000\040\000W\000G\000M\0000}{subsection.4.3.1}% 33
\BOOKMARK [3][-]{subsubsection.4.3.1.7}{\376\377\0004\000.\0003\000.\0001\000.\0007\000\040\000W\000G\000M\0001}{subsection.4.3.1}% 34
\BOOKMARK [3][-]{subsubsection.4.3.1.8}{\376\377\0004\000.\0003\000.\0001\000.\0008\000\040\000W\000G\000M\0002}{subsection.4.3.1}% 35
\BOOKMARK [3][-]{subsubsection.4.3.1.9}{\376\377\0004\000.\0003\000.\0001\000.\0009\000\040\000W\000G\000M\0003}{subsection.4.3.1}% 36
\BOOKMARK [1][-]{section.4.4}{\376\377\0004\000.\0004\000\040\000L\000e\000d\000\040\000S\000t\000r\000u\000c\000t\000\040\000R\000e\000f\000e\000r\000e\000n\000c\000e}{chapter.4}% 37
\BOOKMARK [2][-]{subsection.4.4.1}{\376\377\0004\000.\0004\000.\0001\000\040\000D\000e\000t\000a\000i\000l\000e\000d\000\040\000D\000e\000s\000c\000r\000i\000p\000t\000i\000o\000n}{section.4.4}% 38
\BOOKMARK [2][-]{subsection.4.4.2}{\376\377\0004\000.\0004\000.\0002\000\040\000F\000i\000e\000l\000d\000\040\000D\000o\000c\000u\000m\000e\000n\000t\000a\000t\000i\000o\000n}{section.4.4}% 39
\BOOKMARK [3][-]{subsubsection.4.4.2.1}{\376\377\0004\000.\0004\000.\0002\000.\0001\000\040\000p\000i\000n\000\137\000n\000u\000m\000b\000e\000r}{subsection.4.4.2}% 40
\BOOKMARK [3][-]{subsubsection.4.4.2.2}{\376\377\0004\000.\0004\000.\0002\000.\0002\000\040\000s\000t\000a\000t\000e}{subsection.4.4.2}% 41
\BOOKMARK [1][-]{section.4.5}{\376\377\0004\000.\0005\000\040\000P\000i\000n\000\040\000S\000t\000r\000u\000c\000t\000\040\000R\000e\000f\000e\000r\000e\000n\000c\000e}{chapter.4}% 42
\BOOKMARK [2][-]{subsection.4.5.1}{\376\377\0004\000.\0005\000.\0001\000\040\000D\000e\000t\000a\000i\000l\000e\000d\000\040\000D\000e\000s\000c\000r\000i\000p\000t\000i\000o\000n}{section.4.5}% 43
\BOOKMARK [2][-]{subsection.4.5.2}{\376\377\0004\000.\0005\000.\0002\000\040\000F\000i\000e\000l\000d\000\040\000D\000o\000c\000u\000m\000e\000n\000t\000a\000t\000i\000o\000n}{section.4.5}% 44
\BOOKMARK [3][-]{subsubsection.4.5.2.1}{\376\377\0004\000.\0005\000.\0002\000.\0001\000\040\000\137\000D\000D\000R}{subsection.4.5.2}% 45
\BOOKMARK [3][-]{subsubsection.4.5.2.2}{\376\377\0004\000.\0005\000.\0002\000.\0002\000\040\000\137\000O\000C\000R\000A}{subsection.4.5.2}% 46
\BOOKMARK [3][-]{subsubsection.4.5.2.3}{\376\377\0004\000.\0005\000.\0002\000.\0003\000\040\000\137\000O\000C\000R\000B}{subsection.4.5.2}% 47
\BOOKMARK [3][-]{subsubsection.4.5.2.4}{\376\377\0004\000.\0005\000.\0002\000.\0004\000\040\000\137\000P\000I\000N}{subsection.4.5.2}% 48
\BOOKMARK [3][-]{subsubsection.4.5.2.5}{\376\377\0004\000.\0005\000.\0002\000.\0005\000\040\000\137\000P\000O\000R\000T}{subsection.4.5.2}% 49
\BOOKMARK [3][-]{subsubsection.4.5.2.6}{\376\377\0004\000.\0005\000.\0002\000.\0006\000\040\000\137\000T\000C\000C\000A}{subsection.4.5.2}% 50
\BOOKMARK [3][-]{subsubsection.4.5.2.7}{\376\377\0004\000.\0005\000.\0002\000.\0007\000\040\000\137\000T\000C\000C\000B}{subsection.4.5.2}% 51
\BOOKMARK [3][-]{subsubsection.4.5.2.8}{\376\377\0004\000.\0005\000.\0002\000.\0008\000\040\000P}{subsection.4.5.2}% 52
\BOOKMARK [0][-]{chapter.5}{\376\377\0005\000\040\000F\000i\000l\000e\000\040\000D\000o\000c\000u\000m\000e\000n\000t\000a\000t\000i\000o\000n}{}% 53
\BOOKMARK [1][-]{section.5.1}{\376\377\0005\000.\0001\000\040\000s\000r\000c\000/\000b\000c\000d\000.\000c\000\040\000F\000i\000l\000e\000\040\000R\000e\000f\000e\000r\000e\000n\000c\000e}{chapter.5}% 54
\BOOKMARK [2][-]{subsection.5.1.1}{\376\377\0005\000.\0001\000.\0001\000\040\000F\000u\000n\000c\000t\000i\000o\000n\000\040\000D\000o\000c\000u\000m\000e\000n\000t\000a\000t\000i\000o\000n}{section.5.1}% 55
\BOOKMARK [3][-]{subsubsection.5.1.1.1}{\376\377\0005\000.\0001\000.\0001\000.\0001\000\040\000b\000c\000d\000\137\000c\000l\000e\000a\000r\000\050\000\051}{subsection.5.1.1}% 56
\BOOKMARK [3][-]{subsubsection.5.1.1.2}{\376\377\0005\000.\0001\000.\0001\000.\0002\000\040\000b\000c\000d\000\137\000d\000e\000l\000a\000y\000\050\000\051}{subsection.5.1.1}% 57
\BOOKMARK [3][-]{subsubsection.5.1.1.3}{\376\377\0005\000.\0001\000.\0001\000.\0003\000\040\000b\000c\000d\000\137\000f\000r\000e\000e\000\050\000\051}{subsection.5.1.1}% 58
\BOOKMARK [3][-]{subsubsection.5.1.1.4}{\376\377\0005\000.\0001\000.\0001\000.\0004\000\040\000b\000c\000d\000\137\000s\000e\000t\000\137\000l\000o\000o\000p\000\050\000\051}{subsection.5.1.1}% 59
\BOOKMARK [3][-]{subsubsection.5.1.1.5}{\376\377\0005\000.\0001\000.\0001\000.\0005\000\040\000b\000c\000d\000\137\000s\000e\000t\000u\000p\000\050\000\051}{subsection.5.1.1}% 60
\BOOKMARK [3][-]{subsubsection.5.1.1.6}{\376\377\0005\000.\0001\000.\0001\000.\0006\000\040\000b\000c\000d\000\137\000s\000h\000o\000w\000\137\000c\000h\000a\000r\000\050\000\051}{subsection.5.1.1}% 61
\BOOKMARK [3][-]{subsubsection.5.1.1.7}{\376\377\0005\000.\0001\000.\0001\000.\0007\000\040\000b\000c\000d\000\137\000s\000h\000o\000w\000\137\000s\000t\000r\000i\000n\000g\000\050\000\051}{subsection.5.1.1}% 62
\BOOKMARK [1][-]{section.5.2}{\376\377\0005\000.\0002\000\040\000s\000r\000c\000/\000b\000u\000t\000t\000o\000n\000.\000c\000\040\000F\000i\000l\000e\000\040\000R\000e\000f\000e\000r\000e\000n\000c\000e}{chapter.5}% 63
\BOOKMARK [2][-]{subsection.5.2.1}{\376\377\0005\000.\0002\000.\0001\000\040\000F\000u\000n\000c\000t\000i\000o\000n\000\040\000D\000o\000c\000u\000m\000e\000n\000t\000a\000t\000i\000o\000n}{section.5.2}% 64
\BOOKMARK [3][-]{subsubsection.5.2.1.1}{\376\377\0005\000.\0002\000.\0001\000.\0001\000\040\000b\000t\000n\000\137\000f\000i\000r\000e\000d\000\050\000\051}{subsection.5.2.1}% 65
\BOOKMARK [3][-]{subsubsection.5.2.1.2}{\376\377\0005\000.\0002\000.\0001\000.\0002\000\040\000b\000t\000n\000\137\000p\000r\000e\000s\000s\000e\000d\000\050\000\051}{subsection.5.2.1}% 66
\BOOKMARK [3][-]{subsubsection.5.2.1.3}{\376\377\0005\000.\0002\000.\0001\000.\0003\000\040\000b\000t\000n\000\137\000r\000e\000g\000i\000s\000t\000e\000r\000\137\000f\000n\000\050\000\051}{subsection.5.2.1}% 67
\BOOKMARK [3][-]{subsubsection.5.2.1.4}{\376\377\0005\000.\0002\000.\0001\000.\0004\000\040\000b\000t\000n\000\137\000s\000e\000t\000\137\000m\000o\000d\000e\000\050\000\051}{subsection.5.2.1}% 68
\BOOKMARK [3][-]{subsubsection.5.2.1.5}{\376\377\0005\000.\0002\000.\0001\000.\0005\000\040\000b\000t\000n\000\137\000s\000e\000t\000u\000p\000\050\000\051}{subsection.5.2.1}% 69
\BOOKMARK [1][-]{section.5.3}{\376\377\0005\000.\0003\000\040\000s\000r\000c\000/\000d\000e\000l\000a\000y\000.\000c\000\040\000F\000i\000l\000e\000\040\000R\000e\000f\000e\000r\000e\000n\000c\000e}{chapter.5}% 70
\BOOKMARK [2][-]{subsection.5.3.1}{\376\377\0005\000.\0003\000.\0001\000\040\000F\000u\000n\000c\000t\000i\000o\000n\000\040\000D\000o\000c\000u\000m\000e\000n\000t\000a\000t\000i\000o\000n}{section.5.3}% 71
\BOOKMARK [3][-]{subsubsection.5.3.1.1}{\376\377\0005\000.\0003\000.\0001\000.\0001\000\040\000d\000e\000l\000a\000y\000\137\0001\000m\000s\000\050\000\051}{subsection.5.3.1}% 72
\BOOKMARK [3][-]{subsubsection.5.3.1.2}{\376\377\0005\000.\0003\000.\0001\000.\0002\000\040\000d\000e\000l\000a\000y\000\137\0001\000u\000s\000\050\000\051}{subsection.5.3.1}% 73
\BOOKMARK [3][-]{subsubsection.5.3.1.3}{\376\377\0005\000.\0003\000.\0001\000.\0003\000\040\000d\000e\000l\000a\000y\000\137\000m\000s\000\050\000\051}{subsection.5.3.1}% 74
\BOOKMARK [3][-]{subsubsection.5.3.1.4}{\376\377\0005\000.\0003\000.\0001\000.\0004\000\040\000d\000e\000l\000a\000y\000\137\000u\000s\000\050\000\051}{subsection.5.3.1}% 75
\BOOKMARK [1][-]{section.5.4}{\376\377\0005\000.\0004\000\040\000s\000r\000c\000/\000i\000n\000c\000l\000u\000d\000e\000/\000b\000c\000d\000.\000h\000\040\000F\000i\000l\000e\000\040\000R\000e\000f\000e\000r\000e\000n\000c\000e}{chapter.5}% 76
\BOOKMARK [2][-]{subsection.5.4.1}{\376\377\0005\000.\0004\000.\0001\000\040\000F\000u\000n\000c\000t\000i\000o\000n\000\040\000D\000o\000c\000u\000m\000e\000n\000t\000a\000t\000i\000o\000n}{section.5.4}% 77
\BOOKMARK [3][-]{subsubsection.5.4.1.1}{\376\377\0005\000.\0004\000.\0001\000.\0001\000\040\000b\000c\000d\000\137\000c\000l\000e\000a\000r\000\050\000\051}{subsection.5.4.1}% 78
\BOOKMARK [3][-]{subsubsection.5.4.1.2}{\376\377\0005\000.\0004\000.\0001\000.\0002\000\040\000b\000c\000d\000\137\000d\000e\000l\000a\000y\000\050\000\051}{subsection.5.4.1}% 79
\BOOKMARK [3][-]{subsubsection.5.4.1.3}{\376\377\0005\000.\0004\000.\0001\000.\0003\000\040\000b\000c\000d\000\137\000f\000r\000e\000e\000\050\000\051}{subsection.5.4.1}% 80
\BOOKMARK [3][-]{subsubsection.5.4.1.4}{\376\377\0005\000.\0004\000.\0001\000.\0004\000\040\000b\000c\000d\000\137\000s\000e\000t\000\137\000l\000o\000o\000p\000\050\000\051}{subsection.5.4.1}% 81
\BOOKMARK [3][-]{subsubsection.5.4.1.5}{\376\377\0005\000.\0004\000.\0001\000.\0005\000\040\000b\000c\000d\000\137\000s\000e\000t\000u\000p\000\050\000\051}{subsection.5.4.1}% 82
\BOOKMARK [3][-]{subsubsection.5.4.1.6}{\376\377\0005\000.\0004\000.\0001\000.\0006\000\040\000b\000c\000d\000\137\000s\000h\000o\000w\000\137\000c\000h\000a\000r\000\050\000\051}{subsection.5.4.1}% 83
\BOOKMARK [3][-]{subsubsection.5.4.1.7}{\376\377\0005\000.\0004\000.\0001\000.\0007\000\040\000b\000c\000d\000\137\000s\000h\000o\000w\000\137\000s\000t\000r\000i\000n\000g\000\050\000\051}{subsection.5.4.1}% 84
\BOOKMARK [1][-]{section.5.5}{\376\377\0005\000.\0005\000\040\000s\000r\000c\000/\000i\000n\000c\000l\000u\000d\000e\000/\000b\000c\000d\000\137\000s\000e\000v\000e\000n\000.\000h\000\040\000F\000i\000l\000e\000\040\000R\000e\000f\000e\000r\000e\000n\000c\000e}{chapter.5}% 85
\BOOKMARK [2][-]{subsection.5.5.1}{\376\377\0005\000.\0005\000.\0001\000\040\000M\000a\000c\000r\000o\000\040\000D\000e\000f\000i\000n\000i\000t\000i\000o\000n\000\040\000D\000o\000c\000u\000m\000e\000n\000t\000a\000t\000i\000o\000n}{section.5.5}% 86
\BOOKMARK [3][-]{subsubsection.5.5.1.1}{\376\377\0005\000.\0005\000.\0001\000.\0001\000\040\000r\000e\000p\000\137\000a}{subsection.5.5.1}% 87
\BOOKMARK [3][-]{subsubsection.5.5.1.2}{\376\377\0005\000.\0005\000.\0001\000.\0002\000\040\000r\000e\000p\000\137\000b}{subsection.5.5.1}% 88
\BOOKMARK [3][-]{subsubsection.5.5.1.3}{\376\377\0005\000.\0005\000.\0001\000.\0003\000\040\000r\000e\000p\000\137\000c}{subsection.5.5.1}% 89
\BOOKMARK [3][-]{subsubsection.5.5.1.4}{\376\377\0005\000.\0005\000.\0001\000.\0004\000\040\000r\000e\000p\000\137\000d}{subsection.5.5.1}% 90
\BOOKMARK [3][-]{subsubsection.5.5.1.5}{\376\377\0005\000.\0005\000.\0001\000.\0005\000\040\000r\000e\000p\000\137\000d\000p}{subsection.5.5.1}% 91
\BOOKMARK [3][-]{subsubsection.5.5.1.6}{\376\377\0005\000.\0005\000.\0001\000.\0006\000\040\000r\000e\000p\000\137\000e}{subsection.5.5.1}% 92
\BOOKMARK [3][-]{subsubsection.5.5.1.7}{\376\377\0005\000.\0005\000.\0001\000.\0007\000\040\000r\000e\000p\000\137\000f}{subsection.5.5.1}% 93
\BOOKMARK [3][-]{subsubsection.5.5.1.8}{\376\377\0005\000.\0005\000.\0001\000.\0008\000\040\000r\000e\000p\000\137\000g}{subsection.5.5.1}% 94
\BOOKMARK [2][-]{subsection.5.5.2}{\376\377\0005\000.\0005\000.\0002\000\040\000V\000a\000r\000i\000a\000b\000l\000e\000\040\000D\000o\000c\000u\000m\000e\000n\000t\000a\000t\000i\000o\000n}{section.5.5}% 95
\BOOKMARK [3][-]{subsubsection.5.5.2.1}{\376\377\0005\000.\0005\000.\0002\000.\0001\000\040\000S\000e\000v\000e\000n\000S\000e\000g\000m\000e\000n\000t\000A\000S\000C\000I\000I}{subsection.5.5.2}% 96
\BOOKMARK [3][-]{subsubsection.5.5.2.2}{\376\377\0005\000.\0005\000.\0002\000.\0002\000\040\000s\000s\000e\000g\000\137\0000}{subsection.5.5.2}% 97
\BOOKMARK [3][-]{subsubsection.5.5.2.3}{\376\377\0005\000.\0005\000.\0002\000.\0003\000\040\000s\000s\000e\000g\000\137\0001}{subsection.5.5.2}% 98
\BOOKMARK [3][-]{subsubsection.5.5.2.4}{\376\377\0005\000.\0005\000.\0002\000.\0004\000\040\000s\000s\000e\000g\000\137\0002}{subsection.5.5.2}% 99
\BOOKMARK [3][-]{subsubsection.5.5.2.5}{\376\377\0005\000.\0005\000.\0002\000.\0005\000\040\000s\000s\000e\000g\000\137\0003}{subsection.5.5.2}% 100
\BOOKMARK [3][-]{subsubsection.5.5.2.6}{\376\377\0005\000.\0005\000.\0002\000.\0006\000\040\000s\000s\000e\000g\000\137\0004}{subsection.5.5.2}% 101
\BOOKMARK [3][-]{subsubsection.5.5.2.7}{\376\377\0005\000.\0005\000.\0002\000.\0007\000\040\000s\000s\000e\000g\000\137\0005}{subsection.5.5.2}% 102
\BOOKMARK [3][-]{subsubsection.5.5.2.8}{\376\377\0005\000.\0005\000.\0002\000.\0008\000\040\000s\000s\000e\000g\000\137\0006}{subsection.5.5.2}% 103
\BOOKMARK [3][-]{subsubsection.5.5.2.9}{\376\377\0005\000.\0005\000.\0002\000.\0009\000\040\000s\000s\000e\000g\000\137\0007}{subsection.5.5.2}% 104
\BOOKMARK [3][-]{subsubsection.5.5.2.10}{\376\377\0005\000.\0005\000.\0002\000.\0001\0000\000\040\000s\000s\000e\000g\000\137\0008}{subsection.5.5.2}% 105
\BOOKMARK [3][-]{subsubsection.5.5.2.11}{\376\377\0005\000.\0005\000.\0002\000.\0001\0001\000\040\000s\000s\000e\000g\000\137\0009}{subsection.5.5.2}% 106
\BOOKMARK [3][-]{subsubsection.5.5.2.12}{\376\377\0005\000.\0005\000.\0002\000.\0001\0002\000\040\000s\000s\000e\000g\000\137\000A}{subsection.5.5.2}% 107
\BOOKMARK [3][-]{subsubsection.5.5.2.13}{\376\377\0005\000.\0005\000.\0002\000.\0001\0003\000\040\000s\000s\000e\000g\000\137\000a}{subsection.5.5.2}% 108
\BOOKMARK [3][-]{subsubsection.5.5.2.14}{\376\377\0005\000.\0005\000.\0002\000.\0001\0004\000\040\000s\000s\000e\000g\000\137\000B}{subsection.5.5.2}% 109
\BOOKMARK [3][-]{subsubsection.5.5.2.15}{\376\377\0005\000.\0005\000.\0002\000.\0001\0005\000\040\000s\000s\000e\000g\000\137\000b}{subsection.5.5.2}% 110
\BOOKMARK [3][-]{subsubsection.5.5.2.16}{\376\377\0005\000.\0005\000.\0002\000.\0001\0006\000\040\000s\000s\000e\000g\000\137\000C}{subsection.5.5.2}% 111
\BOOKMARK [3][-]{subsubsection.5.5.2.17}{\376\377\0005\000.\0005\000.\0002\000.\0001\0007\000\040\000s\000s\000e\000g\000\137\000c}{subsection.5.5.2}% 112
\BOOKMARK [3][-]{subsubsection.5.5.2.18}{\376\377\0005\000.\0005\000.\0002\000.\0001\0008\000\040\000s\000s\000e\000g\000\137\000D}{subsection.5.5.2}% 113
\BOOKMARK [3][-]{subsubsection.5.5.2.19}{\376\377\0005\000.\0005\000.\0002\000.\0001\0009\000\040\000s\000s\000e\000g\000\137\000d}{subsection.5.5.2}% 114
\BOOKMARK [3][-]{subsubsection.5.5.2.20}{\376\377\0005\000.\0005\000.\0002\000.\0002\0000\000\040\000s\000s\000e\000g\000\137\000E}{subsection.5.5.2}% 115
\BOOKMARK [3][-]{subsubsection.5.5.2.21}{\376\377\0005\000.\0005\000.\0002\000.\0002\0001\000\040\000s\000s\000e\000g\000\137\000e}{subsection.5.5.2}% 116
\BOOKMARK [3][-]{subsubsection.5.5.2.22}{\376\377\0005\000.\0005\000.\0002\000.\0002\0002\000\040\000s\000s\000e\000g\000\137\000F}{subsection.5.5.2}% 117
\BOOKMARK [3][-]{subsubsection.5.5.2.23}{\376\377\0005\000.\0005\000.\0002\000.\0002\0003\000\040\000s\000s\000e\000g\000\137\000f}{subsection.5.5.2}% 118
\BOOKMARK [3][-]{subsubsection.5.5.2.24}{\376\377\0005\000.\0005\000.\0002\000.\0002\0004\000\040\000s\000s\000e\000g\000\137\000G}{subsection.5.5.2}% 119
\BOOKMARK [3][-]{subsubsection.5.5.2.25}{\376\377\0005\000.\0005\000.\0002\000.\0002\0005\000\040\000s\000s\000e\000g\000\137\000g}{subsection.5.5.2}% 120
\BOOKMARK [3][-]{subsubsection.5.5.2.26}{\376\377\0005\000.\0005\000.\0002\000.\0002\0006\000\040\000s\000s\000e\000g\000\137\000H}{subsection.5.5.2}% 121
\BOOKMARK [3][-]{subsubsection.5.5.2.27}{\376\377\0005\000.\0005\000.\0002\000.\0002\0007\000\040\000s\000s\000e\000g\000\137\000h}{subsection.5.5.2}% 122
\BOOKMARK [3][-]{subsubsection.5.5.2.28}{\376\377\0005\000.\0005\000.\0002\000.\0002\0008\000\040\000s\000s\000e\000g\000\137\000I}{subsection.5.5.2}% 123
\BOOKMARK [3][-]{subsubsection.5.5.2.29}{\376\377\0005\000.\0005\000.\0002\000.\0002\0009\000\040\000s\000s\000e\000g\000\137\000i}{subsection.5.5.2}% 124
\BOOKMARK [3][-]{subsubsection.5.5.2.30}{\376\377\0005\000.\0005\000.\0002\000.\0003\0000\000\040\000s\000s\000e\000g\000\137\000J}{subsection.5.5.2}% 125
\BOOKMARK [3][-]{subsubsection.5.5.2.31}{\376\377\0005\000.\0005\000.\0002\000.\0003\0001\000\040\000s\000s\000e\000g\000\137\000j}{subsection.5.5.2}% 126
\BOOKMARK [3][-]{subsubsection.5.5.2.32}{\376\377\0005\000.\0005\000.\0002\000.\0003\0002\000\040\000s\000s\000e\000g\000\137\000K}{subsection.5.5.2}% 127
\BOOKMARK [3][-]{subsubsection.5.5.2.33}{\376\377\0005\000.\0005\000.\0002\000.\0003\0003\000\040\000s\000s\000e\000g\000\137\000k}{subsection.5.5.2}% 128
\BOOKMARK [3][-]{subsubsection.5.5.2.34}{\376\377\0005\000.\0005\000.\0002\000.\0003\0004\000\040\000s\000s\000e\000g\000\137\000L}{subsection.5.5.2}% 129
\BOOKMARK [3][-]{subsubsection.5.5.2.35}{\376\377\0005\000.\0005\000.\0002\000.\0003\0005\000\040\000s\000s\000e\000g\000\137\000l}{subsection.5.5.2}% 130
\BOOKMARK [3][-]{subsubsection.5.5.2.36}{\376\377\0005\000.\0005\000.\0002\000.\0003\0006\000\040\000s\000s\000e\000g\000\137\000M}{subsection.5.5.2}% 131
\BOOKMARK [3][-]{subsubsection.5.5.2.37}{\376\377\0005\000.\0005\000.\0002\000.\0003\0007\000\040\000s\000s\000e\000g\000\137\000m}{subsection.5.5.2}% 132
\BOOKMARK [3][-]{subsubsection.5.5.2.38}{\376\377\0005\000.\0005\000.\0002\000.\0003\0008\000\040\000s\000s\000e\000g\000\137\000N}{subsection.5.5.2}% 133
\BOOKMARK [3][-]{subsubsection.5.5.2.39}{\376\377\0005\000.\0005\000.\0002\000.\0003\0009\000\040\000s\000s\000e\000g\000\137\000n}{subsection.5.5.2}% 134
\BOOKMARK [3][-]{subsubsection.5.5.2.40}{\376\377\0005\000.\0005\000.\0002\000.\0004\0000\000\040\000s\000s\000e\000g\000\137\000O}{subsection.5.5.2}% 135
\BOOKMARK [3][-]{subsubsection.5.5.2.41}{\376\377\0005\000.\0005\000.\0002\000.\0004\0001\000\040\000s\000s\000e\000g\000\137\000o}{subsection.5.5.2}% 136
\BOOKMARK [3][-]{subsubsection.5.5.2.42}{\376\377\0005\000.\0005\000.\0002\000.\0004\0002\000\040\000s\000s\000e\000g\000\137\000P}{subsection.5.5.2}% 137
\BOOKMARK [3][-]{subsubsection.5.5.2.43}{\376\377\0005\000.\0005\000.\0002\000.\0004\0003\000\040\000s\000s\000e\000g\000\137\000p}{subsection.5.5.2}% 138
\BOOKMARK [3][-]{subsubsection.5.5.2.44}{\376\377\0005\000.\0005\000.\0002\000.\0004\0004\000\040\000s\000s\000e\000g\000\137\000Q}{subsection.5.5.2}% 139
\BOOKMARK [3][-]{subsubsection.5.5.2.45}{\376\377\0005\000.\0005\000.\0002\000.\0004\0005\000\040\000s\000s\000e\000g\000\137\000q}{subsection.5.5.2}% 140
\BOOKMARK [3][-]{subsubsection.5.5.2.46}{\376\377\0005\000.\0005\000.\0002\000.\0004\0006\000\040\000s\000s\000e\000g\000\137\000R}{subsection.5.5.2}% 141
\BOOKMARK [3][-]{subsubsection.5.5.2.47}{\376\377\0005\000.\0005\000.\0002\000.\0004\0007\000\040\000s\000s\000e\000g\000\137\000r}{subsection.5.5.2}% 142
\BOOKMARK [3][-]{subsubsection.5.5.2.48}{\376\377\0005\000.\0005\000.\0002\000.\0004\0008\000\040\000s\000s\000e\000g\000\137\000S}{subsection.5.5.2}% 143
\BOOKMARK [3][-]{subsubsection.5.5.2.49}{\376\377\0005\000.\0005\000.\0002\000.\0004\0009\000\040\000s\000s\000e\000g\000\137\000s}{subsection.5.5.2}% 144
\BOOKMARK [3][-]{subsubsection.5.5.2.50}{\376\377\0005\000.\0005\000.\0002\000.\0005\0000\000\040\000s\000s\000e\000g\000\137\000T}{subsection.5.5.2}% 145
\BOOKMARK [3][-]{subsubsection.5.5.2.51}{\376\377\0005\000.\0005\000.\0002\000.\0005\0001\000\040\000s\000s\000e\000g\000\137\000t}{subsection.5.5.2}% 146
\BOOKMARK [3][-]{subsubsection.5.5.2.52}{\376\377\0005\000.\0005\000.\0002\000.\0005\0002\000\040\000s\000s\000e\000g\000\137\000U}{subsection.5.5.2}% 147
\BOOKMARK [3][-]{subsubsection.5.5.2.53}{\376\377\0005\000.\0005\000.\0002\000.\0005\0003\000\040\000s\000s\000e\000g\000\137\000u}{subsection.5.5.2}% 148
\BOOKMARK [3][-]{subsubsection.5.5.2.54}{\376\377\0005\000.\0005\000.\0002\000.\0005\0004\000\040\000s\000s\000e\000g\000\137\000V}{subsection.5.5.2}% 149
\BOOKMARK [3][-]{subsubsection.5.5.2.55}{\376\377\0005\000.\0005\000.\0002\000.\0005\0005\000\040\000s\000s\000e\000g\000\137\000v}{subsection.5.5.2}% 150
\BOOKMARK [3][-]{subsubsection.5.5.2.56}{\376\377\0005\000.\0005\000.\0002\000.\0005\0006\000\040\000s\000s\000e\000g\000\137\000W}{subsection.5.5.2}% 151
\BOOKMARK [3][-]{subsubsection.5.5.2.57}{\376\377\0005\000.\0005\000.\0002\000.\0005\0007\000\040\000s\000s\000e\000g\000\137\000w}{subsection.5.5.2}% 152
\BOOKMARK [3][-]{subsubsection.5.5.2.58}{\376\377\0005\000.\0005\000.\0002\000.\0005\0008\000\040\000s\000s\000e\000g\000\137\000X}{subsection.5.5.2}% 153
\BOOKMARK [3][-]{subsubsection.5.5.2.59}{\376\377\0005\000.\0005\000.\0002\000.\0005\0009\000\040\000s\000s\000e\000g\000\137\000x}{subsection.5.5.2}% 154
\BOOKMARK [3][-]{subsubsection.5.5.2.60}{\376\377\0005\000.\0005\000.\0002\000.\0006\0000\000\040\000s\000s\000e\000g\000\137\000Y}{subsection.5.5.2}% 155
\BOOKMARK [3][-]{subsubsection.5.5.2.61}{\376\377\0005\000.\0005\000.\0002\000.\0006\0001\000\040\000s\000s\000e\000g\000\137\000y}{subsection.5.5.2}% 156
\BOOKMARK [3][-]{subsubsection.5.5.2.62}{\376\377\0005\000.\0005\000.\0002\000.\0006\0002\000\040\000s\000s\000e\000g\000\137\000Z}{subsection.5.5.2}% 157
\BOOKMARK [3][-]{subsubsection.5.5.2.63}{\376\377\0005\000.\0005\000.\0002\000.\0006\0003\000\040\000s\000s\000e\000g\000\137\000z}{subsection.5.5.2}% 158
\BOOKMARK [1][-]{section.5.6}{\376\377\0005\000.\0006\000\040\000s\000r\000c\000/\000i\000n\000c\000l\000u\000d\000e\000/\000b\000u\000t\000t\000o\000n\000.\000h\000\040\000F\000i\000l\000e\000\040\000R\000e\000f\000e\000r\000e\000n\000c\000e}{chapter.5}% 159
\BOOKMARK [2][-]{subsection.5.6.1}{\376\377\0005\000.\0006\000.\0001\000\040\000T\000y\000p\000e\000d\000e\000f\000\040\000D\000o\000c\000u\000m\000e\000n\000t\000a\000t\000i\000o\000n}{section.5.6}% 160
\BOOKMARK [3][-]{subsubsection.5.6.1.1}{\376\377\0005\000.\0006\000.\0001\000.\0001\000\040\000B\000u\000t\000t\000o\000n\000\137\000M\000o\000d\000e}{subsection.5.6.1}% 161
\BOOKMARK [2][-]{subsection.5.6.2}{\376\377\0005\000.\0006\000.\0002\000\040\000E\000n\000u\000m\000e\000r\000a\000t\000i\000o\000n\000\040\000T\000y\000p\000e\000\040\000D\000o\000c\000u\000m\000e\000n\000t\000a\000t\000i\000o\000n}{section.5.6}% 162
\BOOKMARK [3][-]{subsubsection.5.6.2.1}{\376\377\0005\000.\0006\000.\0002\000.\0001\000\040\000b\000u\000t\000t\000o\000n\000\137\000m\000o\000d\000e}{subsection.5.6.2}% 163
\BOOKMARK [2][-]{subsection.5.6.3}{\376\377\0005\000.\0006\000.\0003\000\040\000F\000u\000n\000c\000t\000i\000o\000n\000\040\000D\000o\000c\000u\000m\000e\000n\000t\000a\000t\000i\000o\000n}{section.5.6}% 164
\BOOKMARK [3][-]{subsubsection.5.6.3.1}{\376\377\0005\000.\0006\000.\0003\000.\0001\000\040\000b\000t\000n\000\137\000f\000i\000r\000e\000d\000\050\000\051}{subsection.5.6.3}% 165
\BOOKMARK [3][-]{subsubsection.5.6.3.2}{\376\377\0005\000.\0006\000.\0003\000.\0002\000\040\000b\000t\000n\000\137\000p\000r\000e\000s\000s\000e\000d\000\050\000\051}{subsection.5.6.3}% 166
\BOOKMARK [3][-]{subsubsection.5.6.3.3}{\376\377\0005\000.\0006\000.\0003\000.\0003\000\040\000b\000t\000n\000\137\000r\000e\000g\000i\000s\000t\000e\000r\000\137\000f\000n\000\050\000\051}{subsection.5.6.3}% 167
\BOOKMARK [3][-]{subsubsection.5.6.3.4}{\376\377\0005\000.\0006\000.\0003\000.\0004\000\040\000b\000t\000n\000\137\000s\000e\000t\000\137\000m\000o\000d\000e\000\050\000\051}{subsection.5.6.3}% 168
\BOOKMARK [3][-]{subsubsection.5.6.3.5}{\376\377\0005\000.\0006\000.\0003\000.\0005\000\040\000b\000t\000n\000\137\000s\000e\000t\000u\000p\000\050\000\051}{subsection.5.6.3}% 169
\BOOKMARK [1][-]{section.5.7}{\376\377\0005\000.\0007\000\040\000s\000r\000c\000/\000i\000n\000c\000l\000u\000d\000e\000/\000d\000e\000l\000a\000y\000.\000h\000\040\000F\000i\000l\000e\000\040\000R\000e\000f\000e\000r\000e\000n\000c\000e}{chapter.5}% 170
\BOOKMARK [2][-]{subsection.5.7.1}{\376\377\0005\000.\0007\000.\0001\000\040\000F\000u\000n\000c\000t\000i\000o\000n\000\040\000D\000o\000c\000u\000m\000e\000n\000t\000a\000t\000i\000o\000n}{section.5.7}% 171
\BOOKMARK [3][-]{subsubsection.5.7.1.1}{\376\377\0005\000.\0007\000.\0001\000.\0001\000\040\000d\000e\000l\000a\000y\000\137\0001\000m\000s\000\050\000\051}{subsection.5.7.1}% 172
\BOOKMARK [3][-]{subsubsection.5.7.1.2}{\376\377\0005\000.\0007\000.\0001\000.\0002\000\040\000d\000e\000l\000a\000y\000\137\0001\000u\000s\000\050\000\051}{subsection.5.7.1}% 173
\BOOKMARK [3][-]{subsubsection.5.7.1.3}{\376\377\0005\000.\0007\000.\0001\000.\0003\000\040\000d\000e\000l\000a\000y\000\137\000m\000s\000\050\000\051}{subsection.5.7.1}% 174
\BOOKMARK [3][-]{subsubsection.5.7.1.4}{\376\377\0005\000.\0007\000.\0001\000.\0004\000\040\000d\000e\000l\000a\000y\000\137\000u\000s\000\050\000\051}{subsection.5.7.1}% 175
\BOOKMARK [1][-]{section.5.8}{\376\377\0005\000.\0008\000\040\000s\000r\000c\000/\000i\000n\000c\000l\000u\000d\000e\000/\000l\000e\000d\000.\000h\000\040\000F\000i\000l\000e\000\040\000R\000e\000f\000e\000r\000e\000n\000c\000e}{chapter.5}% 176
\BOOKMARK [2][-]{subsection.5.8.1}{\376\377\0005\000.\0008\000.\0001\000\040\000T\000y\000p\000e\000d\000e\000f\000\040\000D\000o\000c\000u\000m\000e\000n\000t\000a\000t\000i\000o\000n}{section.5.8}% 177
\BOOKMARK [3][-]{subsubsection.5.8.1.1}{\376\377\0005\000.\0008\000.\0001\000.\0001\000\040\000L\000e\000d\000\137\000S\000t\000a\000t\000e}{subsection.5.8.1}% 178
\BOOKMARK [2][-]{subsection.5.8.2}{\376\377\0005\000.\0008\000.\0002\000\040\000E\000n\000u\000m\000e\000r\000a\000t\000i\000o\000n\000\040\000T\000y\000p\000e\000\040\000D\000o\000c\000u\000m\000e\000n\000t\000a\000t\000i\000o\000n}{section.5.8}% 179
\BOOKMARK [3][-]{subsubsection.5.8.2.1}{\376\377\0005\000.\0008\000.\0002\000.\0001\000\040\000l\000e\000d\000\137\000s\000t\000a\000t\000e}{subsection.5.8.2}% 180
\BOOKMARK [2][-]{subsection.5.8.3}{\376\377\0005\000.\0008\000.\0003\000\040\000F\000u\000n\000c\000t\000i\000o\000n\000\040\000D\000o\000c\000u\000m\000e\000n\000t\000a\000t\000i\000o\000n}{section.5.8}% 181
\BOOKMARK [3][-]{subsubsection.5.8.3.1}{\376\377\0005\000.\0008\000.\0003\000.\0001\000\040\000l\000e\000d\000\137\000b\000l\000i\000n\000k\000\050\000\051}{subsection.5.8.3}% 182
\BOOKMARK [3][-]{subsubsection.5.8.3.2}{\376\377\0005\000.\0008\000.\0003\000.\0002\000\040\000l\000e\000d\000\137\000f\000r\000e\000e\000\050\000\051}{subsection.5.8.3}% 183
\BOOKMARK [3][-]{subsubsection.5.8.3.3}{\376\377\0005\000.\0008\000.\0003\000.\0003\000\040\000l\000e\000d\000\137\000k\000i\000l\000l\000\137\000l\000i\000g\000h\000t\000\050\000\051}{subsection.5.8.3}% 184
\BOOKMARK [3][-]{subsubsection.5.8.3.4}{\376\377\0005\000.\0008\000.\0003\000.\0004\000\040\000l\000e\000d\000\137\000m\000a\000k\000e\000\137\000l\000i\000g\000h\000t\000\050\000\051}{subsection.5.8.3}% 185
\BOOKMARK [3][-]{subsubsection.5.8.3.5}{\376\377\0005\000.\0008\000.\0003\000.\0005\000\040\000l\000e\000d\000\137\000s\000e\000t\000u\000p\000\050\000\051}{subsection.5.8.3}% 186
\BOOKMARK [3][-]{subsubsection.5.8.3.6}{\376\377\0005\000.\0008\000.\0003\000.\0006\000\040\000l\000e\000d\000\137\000s\000w\000i\000t\000c\000h\000\137\000l\000i\000g\000h\000t\000\050\000\051}{subsection.5.8.3}% 187
\BOOKMARK [1][-]{section.5.9}{\376\377\0005\000.\0009\000\040\000s\000r\000c\000/\000i\000n\000c\000l\000u\000d\000e\000/\000m\000a\000c\000r\000o\000s\000.\000h\000\040\000F\000i\000l\000e\000\040\000R\000e\000f\000e\000r\000e\000n\000c\000e}{chapter.5}% 188
\BOOKMARK [2][-]{subsection.5.9.1}{\376\377\0005\000.\0009\000.\0001\000\040\000M\000a\000c\000r\000o\000\040\000D\000e\000f\000i\000n\000i\000t\000i\000o\000n\000\040\000D\000o\000c\000u\000m\000e\000n\000t\000a\000t\000i\000o\000n}{section.5.9}% 189
\BOOKMARK [3][-]{subsubsection.5.9.1.1}{\376\377\0005\000.\0009\000.\0001\000.\0001\000\040\000c\000l\000r\000\137\000b\000i\000t}{subsection.5.9.1}% 190
\BOOKMARK [3][-]{subsubsection.5.9.1.2}{\376\377\0005\000.\0009\000.\0001\000.\0002\000\040\000c\000o\000m\000p\000\137\000m\000a\000s\000k\000s}{subsection.5.9.1}% 191
\BOOKMARK [3][-]{subsubsection.5.9.1.3}{\376\377\0005\000.\0009\000.\0001\000.\0003\000\040\000M\000A\000C\000R\000O\000S}{subsection.5.9.1}% 192
\BOOKMARK [3][-]{subsubsection.5.9.1.4}{\376\377\0005\000.\0009\000.\0001\000.\0004\000\040\000s\000e\000t\000\137\000b\000i\000t}{subsection.5.9.1}% 193
\BOOKMARK [3][-]{subsubsection.5.9.1.5}{\376\377\0005\000.\0009\000.\0001\000.\0005\000\040\000s\000w\000t\000\137\000b\000i\000t}{subsection.5.9.1}% 194
\BOOKMARK [3][-]{subsubsection.5.9.1.6}{\376\377\0005\000.\0009\000.\0001\000.\0006\000\040\000t\000s\000t\000\137\000b\000i\000t}{subsection.5.9.1}% 195
\BOOKMARK [1][-]{section.5.10}{\376\377\0005\000.\0001\0000\000\040\000s\000r\000c\000/\000i\000n\000c\000l\000u\000d\000e\000/\000p\000i\000n\000s\000.\000h\000\040\000F\000i\000l\000e\000\040\000R\000e\000f\000e\000r\000e\000n\000c\000e}{chapter.5}% 196
\BOOKMARK [2][-]{subsection.5.10.1}{\376\377\0005\000.\0001\0000\000.\0001\000\040\000M\000a\000c\000r\000o\000\040\000D\000e\000f\000i\000n\000i\000t\000i\000o\000n\000\040\000D\000o\000c\000u\000m\000e\000n\000t\000a\000t\000i\000o\000n}{section.5.10}% 197
\BOOKMARK [3][-]{subsubsection.5.10.1.1}{\376\377\0005\000.\0001\0000\000.\0001\000.\0001\000\040\000F\000\137\000C\000P\000U}{subsection.5.10.1}% 198
\BOOKMARK [3][-]{subsubsection.5.10.1.2}{\376\377\0005\000.\0001\0000\000.\0001\000.\0002\000\040\000H\000I\000G\000H}{subsection.5.10.1}% 199
\BOOKMARK [3][-]{subsubsection.5.10.1.3}{\376\377\0005\000.\0001\0000\000.\0001\000.\0003\000\040\000L\000O\000W}{subsection.5.10.1}% 200
\BOOKMARK [2][-]{subsection.5.10.2}{\376\377\0005\000.\0001\0000\000.\0002\000\040\000F\000u\000n\000c\000t\000i\000o\000n\000\040\000D\000o\000c\000u\000m\000e\000n\000t\000a\000t\000i\000o\000n}{section.5.10}% 201
\BOOKMARK [3][-]{subsubsection.5.10.2.1}{\376\377\0005\000.\0001\0000\000.\0002\000.\0001\000\040\000c\000l\000r\000\137\000p\000u\000l\000l\000u\000p\000\050\000\051}{subsection.5.10.2}% 202
\BOOKMARK [3][-]{subsubsection.5.10.2.2}{\376\377\0005\000.\0001\0000\000.\0002\000.\0002\000\040\000d\000i\000g\000i\000t\000a\000l\000\137\000w\000r\000i\000t\000e\000\050\000\051}{subsection.5.10.2}% 203
\BOOKMARK [3][-]{subsubsection.5.10.2.3}{\376\377\0005\000.\0001\0000\000.\0002\000.\0003\000\040\000s\000e\000t\000\137\000i\000n\000p\000u\000t\000\050\000\051}{subsection.5.10.2}% 204
\BOOKMARK [3][-]{subsubsection.5.10.2.4}{\376\377\0005\000.\0001\0000\000.\0002\000.\0004\000\040\000s\000e\000t\000\137\000o\000u\000t\000p\000u\000t\000\050\000\051}{subsection.5.10.2}% 205
\BOOKMARK [3][-]{subsubsection.5.10.2.5}{\376\377\0005\000.\0001\0000\000.\0002\000.\0005\000\040\000s\000e\000t\000\137\000p\000u\000l\000l\000u\000p\000\050\000\051}{subsection.5.10.2}% 206
\BOOKMARK [3][-]{subsubsection.5.10.2.6}{\376\377\0005\000.\0001\0000\000.\0002\000.\0006\000\040\000t\000e\000s\000t\000\137\000i\000n\000p\000u\000t\000\050\000\051}{subsection.5.10.2}% 207
\BOOKMARK [3][-]{subsubsection.5.10.2.7}{\376\377\0005\000.\0001\0000\000.\0002\000.\0007\000\040\000t\000o\000g\000g\000l\000e\000\137\000p\000u\000l\000l\000u\000p\000\050\000\051}{subsection.5.10.2}% 208
\BOOKMARK [2][-]{subsection.5.10.3}{\376\377\0005\000.\0001\0000\000.\0003\000\040\000V\000a\000r\000i\000a\000b\000l\000e\000\040\000D\000o\000c\000u\000m\000e\000n\000t\000a\000t\000i\000o\000n}{section.5.10}% 209
\BOOKMARK [3][-]{subsubsection.5.10.3.1}{\376\377\0005\000.\0001\0000\000.\0003\000.\0001\000\040\000B\000y\000t\000e\000s}{subsection.5.10.3}% 210
\BOOKMARK [3][-]{subsubsection.5.10.3.2}{\376\377\0005\000.\0001\0000\000.\0003\000.\0002\000\040\000P\000i\000n\000s}{subsection.5.10.3}% 211
\BOOKMARK [1][-]{section.5.11}{\376\377\0005\000.\0001\0001\000\040\000s\000r\000c\000/\000i\000n\000c\000l\000u\000d\000e\000/\000p\000w\000m\000.\000h\000\040\000F\000i\000l\000e\000\040\000R\000e\000f\000e\000r\000e\000n\000c\000e}{chapter.5}% 212
\BOOKMARK [2][-]{subsection.5.11.1}{\376\377\0005\000.\0001\0001\000.\0001\000\040\000F\000u\000n\000c\000t\000i\000o\000n\000\040\000D\000o\000c\000u\000m\000e\000n\000t\000a\000t\000i\000o\000n}{section.5.11}% 213
\BOOKMARK [3][-]{subsubsection.5.11.1.1}{\376\377\0005\000.\0001\0001\000.\0001\000.\0001\000\040\000l\000o\000o\000k\000u\000p\000\137\000c\000s\000\050\000\051}{subsection.5.11.1}% 214
\BOOKMARK [3][-]{subsubsection.5.11.1.2}{\376\377\0005\000.\0001\0001\000.\0001\000.\0002\000\040\000l\000o\000o\000k\000u\000p\000\137\000c\000s\0002\000\050\000\051}{subsection.5.11.1}% 215
\BOOKMARK [3][-]{subsubsection.5.11.1.3}{\376\377\0005\000.\0001\0001\000.\0001\000.\0003\000\040\000l\000o\000o\000k\000u\000p\000\137\000o\000c\000r\000\050\000\051}{subsection.5.11.1}% 216
\BOOKMARK [3][-]{subsubsection.5.11.1.4}{\376\377\0005\000.\0001\0001\000.\0001\000.\0004\000\040\000l\000o\000o\000k\000u\000p\000\137\000p\000r\000e\000s\000c\000a\000l\000a\000r\000\050\000\051}{subsection.5.11.1}% 217
\BOOKMARK [3][-]{subsubsection.5.11.1.5}{\376\377\0005\000.\0001\0001\000.\0001\000.\0005\000\040\000p\000w\000m\000w\000a\000v\000e\000\050\000\051}{subsection.5.11.1}% 218
\BOOKMARK [3][-]{subsubsection.5.11.1.6}{\376\377\0005\000.\0001\0001\000.\0001\000.\0006\000\040\000s\000q\000r\000w\000a\000v\000e\000\050\000\051}{subsection.5.11.1}% 219
\BOOKMARK [1][-]{section.5.12}{\376\377\0005\000.\0001\0002\000\040\000s\000r\000c\000/\000i\000n\000c\000l\000u\000d\000e\000/\000s\000u\000p\000e\000r\000s\000o\000n\000i\000c\000.\000h\000\040\000F\000i\000l\000e\000\040\000R\000e\000f\000e\000r\000e\000n\000c\000e}{chapter.5}% 220
\BOOKMARK [2][-]{subsection.5.12.1}{\376\377\0005\000.\0001\0002\000.\0001\000\040\000F\000u\000n\000c\000t\000i\000o\000n\000\040\000D\000o\000c\000u\000m\000e\000n\000t\000a\000t\000i\000o\000n}{section.5.12}% 221
\BOOKMARK [3][-]{subsubsection.5.12.1.1}{\376\377\0005\000.\0001\0002\000.\0001\000.\0001\000\040\000s\000u\000p\000e\000r\000s\000o\000n\000i\000c\000\050\000\051}{subsection.5.12.1}% 222
\BOOKMARK [1][-]{section.5.13}{\376\377\0005\000.\0001\0003\000\040\000s\000r\000c\000/\000i\000n\000c\000l\000u\000d\000e\000/\000u\000a\000r\000t\000.\000h\000\040\000F\000i\000l\000e\000\040\000R\000e\000f\000e\000r\000e\000n\000c\000e}{chapter.5}% 223
\BOOKMARK [2][-]{subsection.5.13.1}{\376\377\0005\000.\0001\0003\000.\0001\000\040\000M\000a\000c\000r\000o\000\040\000D\000e\000f\000i\000n\000i\000t\000i\000o\000n\000\040\000D\000o\000c\000u\000m\000e\000n\000t\000a\000t\000i\000o\000n}{section.5.13}% 224
\BOOKMARK [3][-]{subsubsection.5.13.1.1}{\376\377\0005\000.\0001\0003\000.\0001\000.\0001\000\040\000B\000A\000U\000D}{subsection.5.13.1}% 225
\BOOKMARK [3][-]{subsubsection.5.13.1.2}{\376\377\0005\000.\0001\0003\000.\0001\000.\0002\000\040\000F\000\137\000C\000P\000U}{subsection.5.13.1}% 226
\BOOKMARK [2][-]{subsection.5.13.2}{\376\377\0005\000.\0001\0003\000.\0002\000\040\000F\000u\000n\000c\000t\000i\000o\000n\000\040\000D\000o\000c\000u\000m\000e\000n\000t\000a\000t\000i\000o\000n}{section.5.13}% 227
\BOOKMARK [3][-]{subsubsection.5.13.2.1}{\376\377\0005\000.\0001\0003\000.\0002\000.\0001\000\040\000u\000a\000r\000t\000\137\000g\000e\000t\000c\000h\000a\000r\000\050\000\051}{subsection.5.13.2}% 228
\BOOKMARK [3][-]{subsubsection.5.13.2.2}{\376\377\0005\000.\0001\0003\000.\0002\000.\0002\000\040\000u\000a\000r\000t\000\137\000i\000n\000i\000t\000\050\000\051}{subsection.5.13.2}% 229
\BOOKMARK [3][-]{subsubsection.5.13.2.3}{\376\377\0005\000.\0001\0003\000.\0002\000.\0003\000\040\000u\000a\000r\000t\000\137\000p\000u\000t\000c\000h\000a\000r\000\050\000\051}{subsection.5.13.2}% 230
\BOOKMARK [1][-]{section.5.14}{\376\377\0005\000.\0001\0004\000\040\000s\000r\000c\000/\000l\000e\000d\000.\000c\000\040\000F\000i\000l\000e\000\040\000R\000e\000f\000e\000r\000e\000n\000c\000e}{chapter.5}% 231
\BOOKMARK [2][-]{subsection.5.14.1}{\376\377\0005\000.\0001\0004\000.\0001\000\040\000F\000u\000n\000c\000t\000i\000o\000n\000\040\000D\000o\000c\000u\000m\000e\000n\000t\000a\000t\000i\000o\000n}{section.5.14}% 232
\BOOKMARK [3][-]{subsubsection.5.14.1.1}{\376\377\0005\000.\0001\0004\000.\0001\000.\0001\000\040\000l\000e\000d\000\137\000b\000l\000i\000n\000k\000\050\000\051}{subsection.5.14.1}% 233
\BOOKMARK [3][-]{subsubsection.5.14.1.2}{\376\377\0005\000.\0001\0004\000.\0001\000.\0002\000\040\000l\000e\000d\000\137\000f\000r\000e\000e\000\050\000\051}{subsection.5.14.1}% 234
\BOOKMARK [3][-]{subsubsection.5.14.1.3}{\376\377\0005\000.\0001\0004\000.\0001\000.\0003\000\040\000l\000e\000d\000\137\000k\000i\000l\000l\000\137\000l\000i\000g\000h\000t\000\050\000\051}{subsection.5.14.1}% 235
\BOOKMARK [3][-]{subsubsection.5.14.1.4}{\376\377\0005\000.\0001\0004\000.\0001\000.\0004\000\040\000l\000e\000d\000\137\000m\000a\000k\000e\000\137\000l\000i\000g\000h\000t\000\050\000\051}{subsection.5.14.1}% 236
\BOOKMARK [3][-]{subsubsection.5.14.1.5}{\376\377\0005\000.\0001\0004\000.\0001\000.\0005\000\040\000l\000e\000d\000\137\000s\000e\000t\000u\000p\000\050\000\051}{subsection.5.14.1}% 237
\BOOKMARK [3][-]{subsubsection.5.14.1.6}{\376\377\0005\000.\0001\0004\000.\0001\000.\0006\000\040\000l\000e\000d\000\137\000s\000w\000i\000t\000c\000h\000\137\000l\000i\000g\000h\000t\000\050\000\051}{subsection.5.14.1}% 238
\BOOKMARK [1][-]{section.5.15}{\376\377\0005\000.\0001\0005\000\040\000s\000r\000c\000/\000p\000i\000n\000s\000.\000c\000\040\000F\000i\000l\000e\000\040\000R\000e\000f\000e\000r\000e\000n\000c\000e}{chapter.5}% 239
\BOOKMARK [2][-]{subsection.5.15.1}{\376\377\0005\000.\0001\0005\000.\0001\000\040\000F\000u\000n\000c\000t\000i\000o\000n\000\040\000D\000o\000c\000u\000m\000e\000n\000t\000a\000t\000i\000o\000n}{section.5.15}% 240
\BOOKMARK [3][-]{subsubsection.5.15.1.1}{\376\377\0005\000.\0001\0005\000.\0001\000.\0001\000\040\000c\000l\000r\000\137\000p\000u\000l\000l\000u\000p\000\050\000\051}{subsection.5.15.1}% 241
\BOOKMARK [3][-]{subsubsection.5.15.1.2}{\376\377\0005\000.\0001\0005\000.\0001\000.\0002\000\040\000d\000i\000g\000i\000t\000a\000l\000\137\000w\000r\000i\000t\000e\000\050\000\051}{subsection.5.15.1}% 242
\BOOKMARK [3][-]{subsubsection.5.15.1.3}{\376\377\0005\000.\0001\0005\000.\0001\000.\0003\000\040\000s\000e\000t\000\137\000i\000n\000p\000u\000t\000\050\000\051}{subsection.5.15.1}% 243
\BOOKMARK [3][-]{subsubsection.5.15.1.4}{\376\377\0005\000.\0001\0005\000.\0001\000.\0004\000\040\000s\000e\000t\000\137\000o\000u\000t\000p\000u\000t\000\050\000\051}{subsection.5.15.1}% 244
\BOOKMARK [3][-]{subsubsection.5.15.1.5}{\376\377\0005\000.\0001\0005\000.\0001\000.\0005\000\040\000s\000e\000t\000\137\000p\000u\000l\000l\000u\000p\000\050\000\051}{subsection.5.15.1}% 245
\BOOKMARK [3][-]{subsubsection.5.15.1.6}{\376\377\0005\000.\0001\0005\000.\0001\000.\0006\000\040\000t\000e\000s\000t\000\137\000i\000n\000p\000u\000t\000\050\000\051}{subsection.5.15.1}% 246
\BOOKMARK [3][-]{subsubsection.5.15.1.7}{\376\377\0005\000.\0001\0005\000.\0001\000.\0007\000\040\000t\000o\000g\000g\000l\000e\000\137\000p\000u\000l\000l\000u\000p\000\050\000\051}{subsection.5.15.1}% 247
\BOOKMARK [2][-]{subsection.5.15.2}{\376\377\0005\000.\0001\0005\000.\0002\000\040\000V\000a\000r\000i\000a\000b\000l\000e\000\040\000D\000o\000c\000u\000m\000e\000n\000t\000a\000t\000i\000o\000n}{section.5.15}% 248
\BOOKMARK [3][-]{subsubsection.5.15.2.1}{\376\377\0005\000.\0001\0005\000.\0002\000.\0001\000\040\000B\000y\000t\000e\000s}{subsection.5.15.2}% 249
\BOOKMARK [3][-]{subsubsection.5.15.2.2}{\376\377\0005\000.\0001\0005\000.\0002\000.\0002\000\040\000P\000i\000n\000s}{subsection.5.15.2}% 250
\BOOKMARK [1][-]{section.5.16}{\376\377\0005\000.\0001\0006\000\040\000s\000r\000c\000/\000p\000w\000m\000.\000c\000\040\000F\000i\000l\000e\000\040\000R\000e\000f\000e\000r\000e\000n\000c\000e}{chapter.5}% 251
\BOOKMARK [2][-]{subsection.5.16.1}{\376\377\0005\000.\0001\0006\000.\0001\000\040\000F\000u\000n\000c\000t\000i\000o\000n\000\040\000D\000o\000c\000u\000m\000e\000n\000t\000a\000t\000i\000o\000n}{section.5.16}% 252
\BOOKMARK [3][-]{subsubsection.5.16.1.1}{\376\377\0005\000.\0001\0006\000.\0001\000.\0001\000\040\000l\000o\000o\000k\000u\000p\000\137\000c\000s\000\050\000\051}{subsection.5.16.1}% 253
\BOOKMARK [3][-]{subsubsection.5.16.1.2}{\376\377\0005\000.\0001\0006\000.\0001\000.\0002\000\040\000l\000o\000o\000k\000u\000p\000\137\000c\000s\0002\000\050\000\051}{subsection.5.16.1}% 254
\BOOKMARK [3][-]{subsubsection.5.16.1.3}{\376\377\0005\000.\0001\0006\000.\0001\000.\0003\000\040\000l\000o\000o\000k\000u\000p\000\137\000o\000c\000r\000\050\000\051}{subsection.5.16.1}% 255
\BOOKMARK [3][-]{subsubsection.5.16.1.4}{\376\377\0005\000.\0001\0006\000.\0001\000.\0004\000\040\000l\000o\000o\000k\000u\000p\000\137\000p\000r\000e\000s\000c\000a\000l\000a\000r\000\050\000\051}{subsection.5.16.1}% 256
\BOOKMARK [3][-]{subsubsection.5.16.1.5}{\376\377\0005\000.\0001\0006\000.\0001\000.\0005\000\040\000p\000w\000m\000w\000a\000v\000e\000\050\000\051}{subsection.5.16.1}% 257
\BOOKMARK [3][-]{subsubsection.5.16.1.6}{\376\377\0005\000.\0001\0006\000.\0001\000.\0006\000\040\000s\000q\000r\000w\000a\000v\000e\000\050\000\051}{subsection.5.16.1}% 258
\BOOKMARK [1][-]{section.5.17}{\376\377\0005\000.\0001\0007\000\040\000s\000r\000c\000/\000R\000E\000A\000D\000M\000E\000.\000m\000d\000\040\000F\000i\000l\000e\000\040\000R\000e\000f\000e\000r\000e\000n\000c\000e}{chapter.5}% 259
\BOOKMARK [1][-]{section.5.18}{\376\377\0005\000.\0001\0008\000\040\000s\000r\000c\000/\000s\000u\000p\000e\000r\000s\000o\000n\000i\000c\000.\000c\000\040\000F\000i\000l\000e\000\040\000R\000e\000f\000e\000r\000e\000n\000c\000e}{chapter.5}% 260
\BOOKMARK [2][-]{subsection.5.18.1}{\376\377\0005\000.\0001\0008\000.\0001\000\040\000F\000u\000n\000c\000t\000i\000o\000n\000\040\000D\000o\000c\000u\000m\000e\000n\000t\000a\000t\000i\000o\000n}{section.5.18}% 261
\BOOKMARK [3][-]{subsubsection.5.18.1.1}{\376\377\0005\000.\0001\0008\000.\0001\000.\0001\000\040\000s\000u\000p\000e\000r\000s\000o\000n\000i\000c\000\050\000\051}{subsection.5.18.1}% 262
\BOOKMARK [1][-]{section.5.19}{\376\377\0005\000.\0001\0009\000\040\000s\000r\000c\000/\000u\000a\000r\000t\000.\000c\000\040\000F\000i\000l\000e\000\040\000R\000e\000f\000e\000r\000e\000n\000c\000e}{chapter.5}% 263
\BOOKMARK [2][-]{subsection.5.19.1}{\376\377\0005\000.\0001\0009\000.\0001\000\040\000F\000u\000n\000c\000t\000i\000o\000n\000\040\000D\000o\000c\000u\000m\000e\000n\000t\000a\000t\000i\000o\000n}{section.5.19}% 264
\BOOKMARK [3][-]{subsubsection.5.19.1.1}{\376\377\0005\000.\0001\0009\000.\0001\000.\0001\000\040\000u\000a\000r\000t\000\137\000g\000e\000t\000c\000h\000a\000r\000\050\000\051}{subsection.5.19.1}% 265
\BOOKMARK [3][-]{subsubsection.5.19.1.2}{\376\377\0005\000.\0001\0009\000.\0001\000.\0002\000\040\000u\000a\000r\000t\000\137\000i\000n\000i\000t\000\050\000\051}{subsection.5.19.1}% 266
\BOOKMARK [3][-]{subsubsection.5.19.1.3}{\376\377\0005\000.\0001\0009\000.\0001\000.\0003\000\040\000u\000a\000r\000t\000\137\000p\000u\000t\000c\000h\000a\000r\000\050\000\051}{subsection.5.19.1}% 267
\BOOKMARK [2][-]{subsection.5.19.2}{\376\377\0005\000.\0001\0009\000.\0002\000\040\000V\000a\000r\000i\000a\000b\000l\000e\000\040\000D\000o\000c\000u\000m\000e\000n\000t\000a\000t\000i\000o\000n}{section.5.19}% 268
\BOOKMARK [3][-]{subsubsection.5.19.2.1}{\376\377\0005\000.\0001\0009\000.\0002\000.\0001\000\040\000u\000a\000r\000t\000\137\000i\000o}{subsection.5.19.2}% 269
\BOOKMARK [0][-]{section*.43}{\376\377\000I\000n\000d\000e\000x}{}% 270
